<?xml version="1.0" encoding="UTF-8"?>
<testsuite xmlns:xsi="http://www.w3.org/2001/XMLSchema-instance" xsi:noNamespaceSchemaLocation="https://maven.apache.org/surefire/maven-surefire-plugin/xsd/surefire-test-report-3.0.xsd" version="3.0" name="meth.actions.MathActionsTest" time="0.067" tests="6" errors="0" skipped="0" failures="0">
  <properties>
[...]
</properties>
  <testcase name="subtract_success" classname="meth.actions.MathActionsTest" time="0.027"/>
  <testcase name="max_success" classname="meth.actions.MathActionsTest" time="0.003"/>
  <testcase name="divide_success" classname="meth.actions.MathActionsTest" time="0.001"/>
  <testcase name="sum_success" classname="meth.actions.MathActionsTest" time="0.002"/>
  <testcase name="multiply_success" classname="meth.actions.MathActionsTest" time="0.001"/>
  <testcase name="min_success" classname="meth.actions.MathActionsTest" time="0.002"/>
</testsuite>